2020-04-01 10:09:22 JobManager - Started job
2020-04-01 10:09:23 FileManager - Begin downloading files
2020-04-01 10:09:45 FileManager - Finished downloading files
2020-04-01 10:09:53 ServiceClient - Begin processing rows
2020-04-01 10:09:53 ServiceClient - Service processed row
2020-04-01 10:09:53 ServiceClient - Service processed row
2020-04-01 10:10:04 ServiceClient - Service processed row
2020-04-01 10:10:06 ServiceClient - Service processed row
2020-04-01 10:10:07 ServiceClient - Service processed row
2020-04-01 10:10:08 ServiceClient - Service processed row
2020-04-01 10:10:09 ServiceClient - Service processed row
2020-04-01 10:10:09 ServiceClient - Service processed row
2020-04-01 10:10:09 ServiceClient - Error while processing row - service returned status code 500
2020-04-01 10:29:07 ServiceClient - Error while processing row - service returned status code 500
2020-04-01 10:30:02 ServiceClient - database error
2020-04-01 10:30:02 ServiceClient - Finished processing rows
2020-04-01 10:30:53 ServiceClient - Begin processing rows
2020-04-01 10:30:53 ServiceClient - Service processed row
2020-04-01 10:31:10 ServiceClient - Service processed row
2020-04-01 10:31:10 ServiceClient - Service processed row
2020-04-01 10:31:10 ServiceClient - Service processed row
2020-04-01 10:31:10 ServiceClient - Service processed row
2020-04-01 10:31:10 ServiceClient - Service processed row
2020-04-01 10:31:10 ServiceClient - Service processed row
2020-04-01 10:31:10 ServiceClient - Service processed row
2020-04-01 10:31:10 ServiceClient - Service processed row
2020-04-01 10:31:10 ServiceClient - Service processed row
2020-04-01 10:31:10 ServiceClient - Service processed row
2020-04-01 10:31:10 ServiceClient - Service processed row
2020-04-01 10:31:10 ServiceClient - Service processed row
2020-04-01 10:31:10 ServiceClient - Service processed row
2020-04-01 10:31:10 ServiceClient - Service processed row
2020-04-01 10:31:10 ServiceClient - Service processed row
2020-04-01 10:31:10 ServiceClient - Service processed row
2020-04-01 10:31:10 ServiceClient - Service processed row
2020-04-01 10:31:10 ServiceClient - Service processed row
2020-04-01 10:31:20 ServiceClient - Service processed row
2020-04-01 10:31:29 ServiceClient - Service processed row
2020-04-01 10:31:29 ServiceClient - Service processed row
2020-04-01 10:31:29 ServiceClient - Validation failed for row: Incorrect number of columns
2020-04-01 10:31:29 ServiceClient - Service processed row
2020-04-01 10:31:29 ServiceClient - Validation failed for row: Invalid request ID
2020-04-01 10:31:29 ServiceClient - Service processed row
2020-04-01 10:31:29 ServiceClient - Service processed row
2020-04-01 10:31:40 ServiceClient - Finished processing rows
2020-04-01 10:32:53 ServiceClient - Begin processing rows
2020-04-01 10:32:53 ServiceClient - Service processed row
2020-04-01 10:32:53 ServiceClient - Service processed row
2020-04-01 10:32:53 ServiceClient - Validation failed for row: Invalid request ID
2020-04-01 10:32:53 ServiceClient - Service processed row
2020-04-01 10:33:08 ServiceClient - Service processed row
2020-04-01 10:33:10 ServiceClient - Service processed row
2020-04-01 10:33:11 ServiceClient - Unhandled eror in ServiceClient: NullPointerException
2020-04-01 10:33:53 ServiceClient - Finished processing rows
2020-04-01 10:33:50 FileManager - Begin uploading files
2020-04-01 10:38:07 FileManager - Finished uploading files
2020-04-01 10:39:20 JobManager - Completed job